flutter_app/build/app/intermediates/manifest_merge_blame_file/debug/manifest-merger-blame-debug-report.txt
1<?xml version="1.0" encoding="utf-8"?>
2<manifest xmlns:android="http://schemas.android.com/apk/res/android"
3    package="com.example.flutter_app"
4    android:versionCode="1"
5    android:versionName="1.0.0" >
6
7    <uses-sdk
8        android:minSdkVersion="21"
9        android:targetSdkVersion="29" />
10    <!--
11         Flutter needs it to communicate with the running application
12         to allow setting breakpoints, to provide hot reload, etc.
13    -->
14    <uses-permission android:name="android.permission.INTERNET" />
14-->src/debug/AndroidManifest.xml:6:5-66
14-->src/debug/AndroidManifest.xml:6:22-64
15    <uses-permission android:name="android.permission.READ_EXTERNAL_STORAGE" />
15-->[:image_picker] AndroidManifest.xml:7:5-80
15-->[:image_picker] AndroidManifest.xml:7:22-77
16    <uses-permission android:name="android.permission.WRITE_EXTERNAL_STORAGE" />
16-->[:image_picker] AndroidManifest.xml:8:5-81
16-->[:image_picker] AndroidManifest.xml:8:22-78
17    <uses-permission android:name="android.permission.CAMERA" />
17-->[:camera] AndroidManifest.xml:7:5-65
17-->[:camera] AndroidManifest.xml:7:22-62
18    <uses-permission android:name="android.permission.RECORD_AUDIO" />
18-->[:camera] AndroidManifest.xml:8:5-71
18-->[:camera] AndroidManifest.xml:8:22-68
19    <!--
20 io.flutter.app.FlutterApplication is an android.app.Application that
21         calls FlutterMain.startInitialization(this); in its onCreate method.
22         In most cases you can leave this as-is, but you if you want to provide
23         additional functionality it is fine to subclass or reimplement
24         FlutterApplication and put your custom class here.
25    -->
26    <application
26-->src/main/AndroidManifest.xml:8:5-47:19
27        android:name="io.flutter.app.FlutterApplication"
27-->src/main/AndroidManifest.xml:10:9-57
28        android:appComponentFactory="androidx.core.app.CoreComponentFactory"
28-->[androidx.core:core:1.1.0] AndroidManifest.xml:24:18-86
29        android:debuggable="true"
30        android:icon="@mipmap/ic_launcher"
30-->src/main/AndroidManifest.xml:12:9-43
31        android:label="flutter_app"
31-->src/main/AndroidManifest.xml:11:9-36
32        android:requestLegacyExternalStorage="true" >
32-->src/main/AndroidManifest.xml:9:9-52
33        <activity
33-->src/main/AndroidManifest.xml:13:9-41:20
34            android:name="com.example.flutter_app.MainActivity"
34-->src/main/AndroidManifest.xml:14:13-41
35            android:configChanges="orientation|keyboardHidden|keyboard|screenSize|smallestScreenSize|locale|layoutDirection|fontScale|screenLayout|density|uiMode"
35-->src/main/AndroidManifest.xml:17:13-163
36            android:hardwareAccelerated="true"
36-->src/main/AndroidManifest.xml:18:13-47
37            android:launchMode="singleTop"
37-->src/main/AndroidManifest.xml:15:13-43
38            android:theme="@style/LaunchTheme"
38-->src/main/AndroidManifest.xml:16:13-47
39            android:windowSoftInputMode="adjustResize" >
39-->src/main/AndroidManifest.xml:19:13-55
40
41            <!--
42                 Specifies an Android theme to apply to this Activity as soon as
43                 the Android process has started. This theme is visible to the user
44                 while the Flutter UI initializes. After that, this theme continues
45                 to determine the Window background behind the Flutter UI.
46            -->
47            <meta-data
47-->src/main/AndroidManifest.xml:24:13-27:17
48                android:name="io.flutter.embedding.android.NormalTheme"
48-->src/main/AndroidManifest.xml:25:15-70
49                android:resource="@style/NormalTheme" />
49-->src/main/AndroidManifest.xml:26:15-52
50            <!--
51                 Displays an Android View that continues showing the launch screen
52                 Drawable until Flutter paints its first frame, then this splash
53                 screen fades out. A splash screen is useful to avoid any visual
54                 gap between the end of Android's launch screen and the painting of
55                 Flutter's first frame.
56            -->
57            <meta-data
57-->src/main/AndroidManifest.xml:33:13-36:17
58                android:name="io.flutter.embedding.android.SplashScreenDrawable"
58-->src/main/AndroidManifest.xml:34:15-79
59                android:resource="@drawable/launch_background" />
59-->src/main/AndroidManifest.xml:35:15-61
60
61            <intent-filter>
61-->src/main/AndroidManifest.xml:37:13-40:29
62                <action android:name="android.intent.action.MAIN" />
62-->src/main/AndroidManifest.xml:38:17-68
62-->src/main/AndroidManifest.xml:38:25-66
63
64                <category android:name="android.intent.category.LAUNCHER" />
64-->src/main/AndroidManifest.xml:39:17-76
64-->src/main/AndroidManifest.xml:39:27-74
65            </intent-filter>
66        </activity>
67        <!--
68             Don't delete the meta-data below.
69             This is used by the Flutter tool to generate GeneratedPluginRegistrant.java
70        -->
71        <meta-data
71-->src/main/AndroidManifest.xml:44:9-46:33
72            android:name="flutterEmbedding"
72-->src/main/AndroidManifest.xml:45:13-44
73            android:value="2" />
73-->src/main/AndroidManifest.xml:46:13-30
74
75        <provider
75-->[:esys_flutter_share] AndroidManifest.xml:8:9-16:20
76            android:name="de.esys.esysfluttershare.EsysFlutterShareFileProvider"
76-->[:esys_flutter_share] AndroidManifest.xml:9:13-81
77            android:authorities="com.example.flutter_app.fileprovider.github.com/orgs/esysberlin/esys-flutter-share"
77-->[:esys_flutter_share] AndroidManifest.xml:10:13-110
78            android:exported="false"
78-->[:esys_flutter_share] AndroidManifest.xml:11:13-37
79            android:grantUriPermissions="true" >
79-->[:esys_flutter_share] AndroidManifest.xml:12:13-47
80            <meta-data
80-->[:esys_flutter_share] AndroidManifest.xml:13:13-15:72
81                android:name="android.support.FILE_PROVIDER_PATHS"
81-->[:esys_flutter_share] AndroidManifest.xml:14:17-67
82                android:resource="@xml/esys_flutter_share_filepaths" />
82-->[:esys_flutter_share] AndroidManifest.xml:15:17-69
83        </provider>
84        <provider
84-->[:image_picker] AndroidManifest.xml:11:9-19:20
85            android:name="io.flutter.plugins.imagepicker.ImagePickerFileProvider"
85-->[:image_picker] AndroidManifest.xml:12:13-82
86            android:authorities="com.example.flutter_app.flutter.image_provider"
86-->[:image_picker] AndroidManifest.xml:13:13-74
87            android:exported="false"
87-->[:image_picker] AndroidManifest.xml:14:13-37
88            android:grantUriPermissions="true" >
88-->[:image_picker] AndroidManifest.xml:15:13-47
89            <meta-data
89-->[:esys_flutter_share] AndroidManifest.xml:13:13-15:72
90                android:name="android.support.FILE_PROVIDER_PATHS"
90-->[:esys_flutter_share] AndroidManifest.xml:14:17-67
91                android:resource="@xml/flutter_image_picker_file_paths" />
91-->[:esys_flutter_share] AndroidManifest.xml:15:17-69
92        </provider>
93    </application>
94
95</manifest>